#
# A fatal error has been detected by the Java Runtime Environment:
#
#  EXCEPTION_ACCESS_VIOLATION (0xc0000005) at pc=0x6d0b70d0, pid=5932, tid=6012
#
# JRE version: 6.0_26-b03
# Java VM: Java HotSpot(TM) Client VM (20.1-b02 mixed mode, sharing windows-x86 )
# Problematic frame:
# C  [awt.dll+0xb70d0]
#
# If you would like to submit a bug report, please visit:
#   http://java.sun.com/webapps/bugreport/crash.jsp
# The crash happened outside the Java Virtual Machine in native code.
# See problematic frame for where to report the bug.
#

---------------  T H R E A D  ---------------

Current thread (0x03bbdc00):  JavaThread "AWT-Windows" daemon [_thread_in_native, id=6012, stack(0x04340000,0x04390000)]

siginfo: ExceptionCode=0xc0000005, reading address 0x00000000

Registers:
EAX=0x0438f5bc, EBX=0x03d09530, ECX=0x0000006c, EDX=0x00000180
ESP=0x0438f5a4, EBP=0x0438f708, ESI=0x00000000, EDI=0x00000180
EIP=0x6d0b70d0, EFLAGS=0x00010202

Top of Stack: (sp=0x0438f5a4)
0x0438f5a4:   0438f5bc 00001000 00000000 03ce0e28
0x0438f5b4:   000001df 6d0b3781 00000000 6d0ae54b
0x0438f5c4:   00000000 03d135b4 6d0b4271 00009825
0x0438f5d4:   03bbdd28 00000001 00000250 fffffffe
0x0438f5e4:   72c7a90c 00000250 00000000 0000980d
0x0438f5f4:   03bbdd28 01587700 0000980d 00000000
0x0438f604:   00000000 0438f660 0000980d 0438f620
0x0438f614:   0438f63c 758898d8 72c7a90c 0438f688 

Instructions: (pc=0x6d0b70d0)
0x6d0b70b0:   d8 56 8b b3 10 a0 00 00 1b c0 57 25 00 f0 ff ff
0x6d0b70c0:   05 00 20 00 00 50 c1 e2 05 8d 44 24 14 50 8b fa
0x6d0b70d0:   8b 16 57 c1 e1 05 51 56 ff 52 2c 85 c0 0f 8c 93
0x6d0b70e0:   00 00 00 8b 53 04 8b cf 8b 7c 24 10 8b c1 c1 e9 


Register to memory mapping:

EAX=0x0438f5bc is pointing into the stack for thread: 0x03bbdc00
EBX=0x03d09530 is an unknown value
ECX=0x0000006c is an unknown value
EDX=0x00000180 is an unknown value
ESP=0x0438f5a4 is pointing into the stack for thread: 0x03bbdc00
EBP=0x0438f708 is pointing into the stack for thread: 0x03bbdc00
ESI=0x00000000 is an unknown value
EDI=0x00000180 is an unknown value


Stack: [0x04340000,0x04390000],  sp=0x0438f5a4,  free space=317k
Native frames: (J=compiled Java code, j=interpreted, Vv=VM code, C=native code)
C  [awt.dll+0xb70d0]  D3DVertexCacher::Render+0x50
C  [awt.dll+0x9cd3a]  Java_sun_awt_windows_WToolkit_loadSystemColors+0x94a
C  [USER32.dll+0x1c4e7]  gapfnScSendMessage+0x1cf
C  [USER32.dll+0x1c5e7]  gapfnScSendMessage+0x2cf
C  [USER32.dll+0x14f0e]  GetScrollBarInfo+0xfd
C  [USER32.dll+0x14f7d]  GetScrollBarInfo+0x16c
C  [ntdll.dll+0x46fee]  KiUserCallbackDispatcher+0x2e
C  [USER32.dll+0x164a1]  PeekMessageW+0x157

Java frames: (J=compiled Java code, j=interpreted, Vv=VM code)
j  sun.awt.windows.WToolkit.eventLoop()V+0
j  sun.awt.windows.WToolkit.run()V+52
j  java.lang.Thread.run()V+11
v  ~StubRoutines::call_stub

---------------  P R O C E S S  ---------------

Java Threads: ( => current thread )
  0x03d4c800 JavaThread "D3D Screen Updater" daemon [_thread_blocked, id=4984, stack(0x08360000,0x083b0000)]
  0x0401c000 JavaThread "pool-2-thread-1" daemon [_thread_blocked, id=908, stack(0x07e30000,0x07e80000)]
  0x0401b800 JavaThread "Long sleeping thread" daemon [_thread_blocked, id=3840, stack(0x07de0000,0x07e30000)]
  0x03a70400 JavaThread "Timer-0" [_thread_blocked, id=1132, stack(0x07ca0000,0x07cf0000)]
  0x03e61000 JavaThread "JMC MediaProvider EventQueueThread" daemon [_thread_blocked, id=5340, stack(0x07c50000,0x07ca0000)]
  0x03d2bc00 JavaThread "pool-1-thread-1" daemon [_thread_in_native, id=1584, stack(0x07c00000,0x07c50000)]
  0x03e60c00 JavaThread "JavaFX DirectShow manager" [_thread_in_native, id=4068, stack(0x06610000,0x06660000)]
  0x0030a000 JavaThread "DestroyJavaVM" [_thread_blocked, id=1700, stack(0x00360000,0x003b0000)]
  0x03bef000 JavaThread "AWT-EventQueue-0" [_thread_in_native, id=4568, stack(0x047e0000,0x04830000)]
  0x03bee800 JavaThread "AWT-Shutdown" [_thread_blocked, id=1252, stack(0x042f0000,0x04340000)]
=>0x03bbdc00 JavaThread "AWT-Windows" daemon [_thread_in_native, id=6012, stack(0x04340000,0x04390000)]
  0x03bc2800 JavaThread "Java2D Disposer" daemon [_thread_blocked, id=4320, stack(0x04070000,0x040c0000)]
  0x015e4c00 JavaThread "Low Memory Detector" daemon [_thread_blocked, id=4968, stack(0x039d0000,0x03a20000)]
  0x015dac00 JavaThread "C1 CompilerThread0" daemon [_thread_blocked, id=4736, stack(0x03980000,0x039d0000)]
  0x015d9c00 JavaThread "Attach Listener" daemon [_thread_blocked, id=6044, stack(0x03930000,0x03980000)]
  0x015d8c00 JavaThread "Signal Dispatcher" daemon [_thread_blocked, id=4012, stack(0x038e0000,0x03930000)]
  0x015d1c00 JavaThread "Finalizer" daemon [_thread_blocked, id=1980, stack(0x03890000,0x038e0000)]
  0x015cc800 JavaThread "Reference Handler" daemon [_thread_blocked, id=4252, stack(0x03840000,0x03890000)]

Other Threads:
  0x01590c00 VMThread [stack: 0x037f0000,0x03840000] [id=5384]
  0x01607400 WatcherThread [stack: 0x03a20000,0x03a70000] [id=3948]

VM state:not at safepoint (normal execution)

VM Mutex/Monitor currently owned by a thread: None

Heap
 def new generation   total 7296K, used 2306K [0x23b70000, 0x24350000, 0x290c0000)
  eden space 6528K,  23% used [0x23b70000, 0x23cf0bc0, 0x241d0000)
  from space 768K,  99% used [0x241d0000, 0x2428fff8, 0x24290000)
  to   space 768K,   0% used [0x24290000, 0x24290000, 0x24350000)
 tenured generation   total 15996K, used 14244K [0x290c0000, 0x2a05f000, 0x33b70000)
   the space 15996K,  89% used [0x290c0000, 0x29ea92d8, 0x29ea9400, 0x2a05f000)
 compacting perm gen  total 12288K, used 7268K [0x33b70000, 0x34770000, 0x37b70000)
   the space 12288K,  59% used [0x33b70000, 0x342893b0, 0x34289400, 0x34770000)
    ro space 10240K,  51% used [0x37b70000, 0x3809dff8, 0x3809e000, 0x38570000)
    rw space 12288K,  55% used [0x38570000, 0x38c0c208, 0x38c0c400, 0x39170000)

Code Cache  [0x01660000, 0x01820000, 0x03660000)
 total_blobs=1172 nmethods=899 adapters=207 free_code_cache=31737344 largest_free_block=192

Dynamic libraries:
0x00400000 - 0x00424000 	C:\Windows\system32\java.exe
0x77340000 - 0x7747c000 	C:\Windows\SYSTEM32\ntdll.dll
0x77080000 - 0x77154000 	C:\Windows\system32\kernel32.dll
0x75590000 - 0x755da000 	C:\Windows\system32\KERNELBASE.dll
0x76c20000 - 0x76cc0000 	C:\Windows\system32\ADVAPI32.dll
0x774c0000 - 0x7756c000 	C:\Windows\system32\msvcrt.dll
0x76d30000 - 0x76d49000 	C:\Windows\SYSTEM32\sechost.dll
0x769b0000 - 0x76a51000 	C:\Windows\system32\RPCRT4.dll
0x7c340000 - 0x7c396000 	C:\Program Files\Java\jre6\bin\msvcr71.dll
0x6d7f0000 - 0x6da9f000 	C:\Program Files\Java\jre6\bin\client\jvm.dll
0x75820000 - 0x758e9000 	C:\Windows\system32\USER32.dll
0x75c90000 - 0x75cde000 	C:\Windows\system32\GDI32.dll
0x76d20000 - 0x76d2a000 	C:\Windows\system32\LPK.dll
0x772a0000 - 0x7733d000 	C:\Windows\system32\USP10.dll
0x73d50000 - 0x73d82000 	C:\Windows\system32\WINMM.dll
0x76ec0000 - 0x76edf000 	C:\Windows\system32\IMM32.DLL
0x76df0000 - 0x76ebc000 	C:\Windows\system32\MSCTF.dll
0x75410000 - 0x7545c000 	C:\Windows\system32\apphelp.dll
0x6d7a0000 - 0x6d7ac000 	C:\Program Files\Java\jre6\bin\verify.dll
0x6d320000 - 0x6d33f000 	C:\Program Files\Java\jre6\bin\java.dll
0x76de0000 - 0x76de5000 	C:\Windows\system32\PSAPI.DLL
0x6d7e0000 - 0x6d7ef000 	C:\Program Files\Java\jre6\bin\zip.dll
0x6d000000 - 0x6d14b000 	C:\Program Files\Java\jre6\bin\awt.dll
0x72cf0000 - 0x72d41000 	C:\Windows\system32\WINSPOOL.DRV
0x75b20000 - 0x75c7c000 	C:\Windows\system32\ole32.dll
0x74290000 - 0x7442e000 	C:\Windows\WinSxS\x86_microsoft.windows.common-controls_6595b64144ccf1df_6.0.7601.17514_none_41e6975e2bd6f2b2\COMCTL32.dll
0x77240000 - 0x77297000 	C:\Windows\system32\SHLWAPI.dll
0x72c60000 - 0x72ce4000 	C:\Windows\WinSxS\x86_microsoft.windows.common-controls_6595b64144ccf1df_5.82.7601.17514_none_ec83dffa859149af\comctl32.dll
0x73c80000 - 0x73c93000 	C:\Windows\system32\DWMAPI.DLL
0x74110000 - 0x74150000 	C:\Windows\system32\uxtheme.dll
0x62520000 - 0x62539000 	C:\Program Files\Real\RealPlayer\browserrecord\chrome\hook\rpchromebrowserrecordhelper.dll
0x75d60000 - 0x769aa000 	C:\Windows\system32\SHELL32.dll
0x73f80000 - 0x74110000 	C:\Windows\WinSxS\x86_microsoft.windows.gdiplus_6595b64144ccf1df_1.1.7601.17514_none_72d18a4386696c80\gdiplus.dll
0x7c3a0000 - 0x7c41b000 	C:\Windows\system32\MSVCP71.dll
0x75460000 - 0x7546c000 	C:\Windows\system32\CRYPTBASE.dll
0x6d230000 - 0x6d27f000 	C:\Program Files\Java\jre6\bin\fontmanager.dll
0x6d600000 - 0x6d613000 	C:\Program Files\Java\jre6\bin\net.dll
0x77480000 - 0x774b5000 	C:\Windows\system32\WS2_32.dll
0x757e0000 - 0x757e6000 	C:\Windows\system32\NSI.dll
0x74f50000 - 0x74f8c000 	C:\Windows\system32\mswsock.dll
0x74f40000 - 0x74f46000 	C:\Windows\System32\wship6.dll
0x6d620000 - 0x6d629000 	C:\Program Files\Java\jre6\bin\nio.dll
0x5fb70000 - 0x5fd33000 	C:\Windows\system32\d3d9.dll
0x749d0000 - 0x749d9000 	C:\Windows\system32\VERSION.dll
0x6fb30000 - 0x6fb36000 	C:\Windows\system32\d3d8thk.dll
0x5a240000 - 0x5abe9000 	C:\Windows\system32\nvd3dum.dll
0x74810000 - 0x74835000 	C:\Windows\system32\powrprof.dll
0x76ee0000 - 0x7707d000 	C:\Windows\system32\SETUPAPI.dll
0x757b0000 - 0x757d7000 	C:\Windows\system32\CFGMGR32.dll
0x77160000 - 0x771ef000 	C:\Windows\system32\OLEAUT32.dll
0x75700000 - 0x75712000 	C:\Windows\system32\DEVOBJ.dll
0x06540000 - 0x065bc000 	C:\Program Files\NetBeans 6.9.1\javafx\javafx-sdk\lib\desktop\msvcp71.dll
0x10000000 - 0x10097000 	C:\Program Files\NetBeans 6.9.1\javafx\javafx-sdk\lib\desktop\jmc.dll
0x76d50000 - 0x76dd3000 	C:\Windows\system32\CLBCatQ.DLL
0x5f9f0000 - 0x5fb67000 	C:\Windows\system32\quartz.dll
0x675d0000 - 0x67605000 	C:\Windows\system32\qasf.dll
0x70bb0000 - 0x70bbb000 	C:\Windows\system32\msdmo.dll
0x5f780000 - 0x5f9e7000 	C:\Windows\system32\wmvcore.dll
0x65b00000 - 0x65b3d000 	C:\Windows\system32\WMASF.DLL
0x6ff30000 - 0x6ff5e000 	C:\Windows\system32\mlang.dll
0x6ace0000 - 0x6acf4000 	C:\Windows\system32\devenum.dll
0x6e590000 - 0x6e5a7000 	C:\Windows\System32\mp3dmod.dll
0x72680000 - 0x726d9000 	C:\Windows\system32\mfplat.DLL
0x747e0000 - 0x747e7000 	C:\Windows\system32\AVRT.dll
0x06700000 - 0x06b21000 	C:\Program Files\K-Lite Codec Pack\ffdshow\ffdshow.ax
0x75ce0000 - 0x75d5b000 	C:\Windows\system32\COMDLG32.dll
0x6ad00000 - 0x6ad25000 	C:\Windows\system32\DINPUT.dll
0x753f0000 - 0x7540b000 	C:\Windows\system32\SspiCli.dll
0x06d20000 - 0x06e1b000 	C:\Program Files\K-Lite Codec Pack\Filters\vsfilter.dll
0x75a00000 - 0x75b1a000 	C:\Windows\system32\WININET.dll
0x75c80000 - 0x75c83000 	C:\Windows\system32\Normaliz.dll
0x76a60000 - 0x76c18000 	C:\Windows\system32\iertutil.dll
0x758f0000 - 0x75a00000 	C:\Windows\system32\urlmon.dll
0x06fc0000 - 0x0706c000 	C:\Program Files\K-Lite Codec Pack\Filters\mmamr.ax
0x06f20000 - 0x06f45000 	C:\Program Files\Common Files\Ahead\DSFilter\NeResize.ax
0x7c140000 - 0x7c243000 	C:\Program Files\Common Files\Ahead\DSFilter\MFC71.DLL
0x5d360000 - 0x5d36e000 	C:\Windows\system32\MFC71ENU.DLL
0x61d30000 - 0x61db6000 	C:\Program Files\K-Lite Codec Pack\Filters\MP4Splitter.ax
0x64440000 - 0x64499000 	C:\Program Files\K-Lite Codec Pack\Filters\FLVSplitter.ax
0x07070000 - 0x070ad000 	C:\Program Files\Common Files\Ahead\DSFilter\NeMP4Splitter.ax
0x06f80000 - 0x06fa0000 	C:\Program Files\Common Files\Ahead\DSFilter\NeFLVSplitter.ax
0x070b0000 - 0x070e7000 	C:\Program Files\Common Files\Ahead\DSFilter\NeSplitter.ax
0x641f0000 - 0x64259000 	C:\Program Files\K-Lite Codec Pack\Filters\MpegSplitter.ax
0x07100000 - 0x0711e000 	C:\Program Files\Common Files\Ahead\DSFilter\NeOggSplitter.ax
0x73e20000 - 0x73e59000 	C:\Windows\System32\MMDevApi.dll
0x74150000 - 0x74245000 	C:\Windows\System32\PROPSYS.dll
0x07290000 - 0x072e8000 	C:\Program Files\K-Lite Codec Pack\Filters\mmmpcdmx.ax
0x64070000 - 0x640b2000 	C:\Windows\system32\DShowRdpFilter.dll
0x74ae0000 - 0x74aed000 	C:\Windows\system32\WTSAPI32.dll
0x74bd0000 - 0x74bf9000 	C:\Windows\system32\WINSTA.dll
0x732d0000 - 0x732da000 	C:\Windows\system32\slc.dll
0x73950000 - 0x73980000 	C:\Windows\system32\wdmaud.drv
0x736b0000 - 0x736b4000 	C:\Windows\system32\ksuser.dll
0x73880000 - 0x738b6000 	C:\Windows\system32\AUDIOSES.DLL
0x737a0000 - 0x737a8000 	C:\Windows\system32\msacm32.drv
0x73780000 - 0x73794000 	C:\Windows\system32\MSACM32.dll
0x73770000 - 0x73777000 	C:\Windows\system32\midimap.dll
0x73da0000 - 0x73e12000 	C:\Windows\system32\DSOUND.DLL
0x74f90000 - 0x74fa6000 	C:\Windows\system32\CRYPTSP.dll
0x74d30000 - 0x74d6b000 	C:\Windows\system32\rsaenh.dll
0x75470000 - 0x7547e000 	C:\Windows\system32\RpcRtRemote.dll
0x07b80000 - 0x07b86000 	C:\Program Files\NetBeans 6.9.1\javafx\javafx-sdk\lib\desktop\decora-d3d.dll

VM Arguments:
jvm_args: -Djava.library.path=C:\Program Files\NetBeans 6.9.1\javafx\javafx-sdk\bin\..\lib\desktop 
java_command: com.sun.javafx.runtime.Main suduko.Main
Launcher Type: SUN_STANDARD

Environment Variables:
PATH=C:\Program Files\NVIDIA Corporation\PhysX\Common;C:\Program Files\JavaFX\javafx-sdk1.3\bin;C:\Program Files\JavaFX\javafx-sdk1.3\emulator\bin;C:\Windows\system32;C:\Windows;C:\Windows\System32\Wbem;C:\Windows\System32\WindowsPowerShell\v1.0\;C:\Program Files\Broadcom\Broadcom 802.11\Driver;C:\Program Files\MySQL\MySQL Server 5.5\bin;C:\Program Files\Common Files\Ahead\Lib\
USERNAME=Saleh
OS=Windows_NT
PROCESSOR_IDENTIFIER=x86 Family 6 Model 15 Stepping 13, GenuineIntel



---------------  S Y S T E M  ---------------

OS: Windows 7 Build 7601 Service Pack 1

CPU:total 2 (2 cores per cpu, 1 threads per core) family 6 model 15 stepping 13, cmov, cx8, fxsr, mmx, sse, sse2, sse3, ssse3

Memory: 4k page, physical 2094292k(920752k free), swap 4188584k(2449204k free)

vm_info: Java HotSpot(TM) Client VM (20.1-b02) for windows-x86 JRE (1.6.0_26-b03), built on May  4 2011 00:50:59 by "java_re" with MS VC++ 7.1 (VS2003)

time: Thu Sep 08 14:01:46 2011
elapsed time: 3189 seconds

